═══════════════════════════════════════════════════════════════
  GLS IMAGE OPTIMIZER — Full Project Run
  2026-06-03T18:03:20.432Z
═══════════════════════════════════════════════════════════════

▶ Scanning image directory…
  Found 86 convertible images
  Found 10 existing AVIF files
  Found 2 SVGs (skipped — already optimal)
  Found 1 manifests (skipped)

▶ Converting images to AVIF…


▶ Re-optimizing existing AVIF files…


▶ Updating source file references…

  [REF]  resources\js\script.js
  gls.png → gls.avif
  [REF]  resources\lang\ar\contact.php
  casablanca.jpg → casablanca.avif
  rabat.jpg → rabat.avif
  sale.webp → sale.avif
  [REF]  resources\lang\de\contact.php
  casablanca.jpg → casablanca.avif
  rabat.jpg → rabat.avif
  sale.webp → sale.avif
  [REF]  resources\lang\en\contact.php
  casablanca.jpg → casablanca.avif
  rabat.jpg → rabat.avif
  sale.webp → sale.avif
  [REF]  resources\lang\fr\contact.php
  casablanca.jpg → casablanca.avif
  rabat.jpg → rabat.avif
  sale.webp → sale.avif
  [REF]  resources\views\auth\login.blade.php
  img-auth-login.png → img-auth-login.avif
  [REF]  resources\views\auth\passwords\email.blade.php
  img-auth-fporgot-password.png → img-auth-fporgot-password.avif
  [REF]  resources\views\backoffice\attestations\pdf-single.blade.php
  gls.png → gls.avif
  [REF]  resources\views\backoffice\attestations\pdf.blade.php
  gls.png → gls.avif
  [REF]  resources\views\backoffice\certificates\pdf.blade.php
  gls.png → gls.avif
  [REF]  resources\views\backoffice\crm\partials\_row_modal.blade.php
  avatar-1.jpg → avatar-1.avif
  [REF]  resources\views\backoffice\crm\partials\_table.blade.php
  avatar-1.jpg → avatar-1.avif
  [REF]  resources\views\backoffice\level_followups\pdf_group.blade.php
  gls.png → gls.avif
  [REF]  resources\views\backoffice\pdf\planning-site.blade.php
  gls.png → gls.avif
  [REF]  resources\views\backoffice\pdf\planning-week.blade.php
  gls.png → gls.avif
  [REF]  resources\views\backoffice\pdf\planning.blade.php
  gls.png → gls.avif
  [REF]  resources\views\backoffice\pdf\weekly-report-single.blade.php
  gls.png → gls.avif
  [REF]  resources\views\backoffice\pdf\weekly-report.blade.php
  gls.png → gls.avif
  [REF]  resources\views\backoffice\profile\index.blade.php
  avatar-1.jpg → avatar-1.avif
  [REF]  resources\views\backoffice\teachers\table.blade.php
  avatar.webp → avatar.avif
  [REF]  resources\views\emails\layouts\branded.blade.php
  gls.png → gls.avif
  [REF]  resources\views\errors\layout.blade.php
  favicon-96x96.png → favicon-96x96.avif
  [REF]  resources\views\frontoffice\about.blade.php
  Centre-GLS-de-langue-Allemande.jpg → Centre-GLS-de-langue-Allemande.avif
  ctagls.jpg → ctagls.avif
  grid-1.png → grid-1.avif
  grid1.webp → grid1.avif
  [REF]  resources\views\frontoffice\blog\blog.blade.php
  poster.png → poster.avif
  [REF]  resources\views\frontoffice\discover-your-level.blade.php
  ctagls.jpg → ctagls.avif
  [REF]  resources\views\frontoffice\exams\gls.blade.php
  Centre-GLS-de-langue-Allemande.jpg → Centre-GLS-de-langue-Allemande.avif
  [REF]  resources\views\frontoffice\exams\goethe.blade.php
  Centre-GLS-de-langue-Allemande.jpg → Centre-GLS-de-langue-Allemande.avif
  [REF]  resources\views\frontoffice\exams\osd.blade.php
  Centre-GLS-de-langue-Allemande.jpg → Centre-GLS-de-langue-Allemande.avif
  [REF]  resources\views\frontoffice\faq.blade.php
  ctagls.jpg → ctagls.avif
  [REF]  resources\views\frontoffice\home.blade.php
  IMG_4399.webp → IMG_4399.avif
  gls-round.png → gls-round.avif
  casablanca.jpg → casablanca.avif
  rabat.jpg → rabat.avif
  sale.webp → sale.avif
  [REF]  resources\views\frontoffice\intensive-courses.blade.php
  ctagls.jpg → ctagls.avif
  hero-intensive.webp → hero-intensive.avif
  [REF]  resources\views\frontoffice\landing\google.blade.php
  casablanca.jpg → casablanca.avif
  rabat.jpg → rabat.avif
  sale.webp → sale.avif
  [REF]  resources\views\frontoffice\landing\meta.blade.php
  casablanca.jpg → casablanca.avif
  rabat.jpg → rabat.avif
  sale.webp → sale.avif
  [REF]  resources\views\frontoffice\layouts\app.blade.php
  apple-touch-icon.png → apple-touch-icon.avif
  favicon-96x96.png → favicon-96x96.avif
  [REF]  resources\views\frontoffice\niveaux\a1.blade.php
  grid1.webp → grid1.avif
  affiche.webp → affiche.avif
  [REF]  resources\views\frontoffice\niveaux\a2.blade.php
  grid1.webp → grid1.avif
  affiche.webp → affiche.avif
  [REF]  resources\views\frontoffice\niveaux\b1.blade.php
  grid1.webp → grid1.avif
  affiche.webp → affiche.avif
  [REF]  resources\views\frontoffice\niveaux\b2.blade.php
  grid1.webp → grid1.avif
  affiche.webp → affiche.avif
  [REF]  resources\views\frontoffice\online-courses.blade.php
  hero.png → hero.avif
  online.png → online.avif
  [REF]  resources\views\frontoffice\partials\seo-head.blade.php
  IMG_4399.webp → IMG_4399.avif
  [REF]  resources\views\frontoffice\partials\testimonials-videos.blade.php
  apple-iphone-air-2025-medium.png → apple-iphone-air-2025-medium.avif
  gls-round.png → gls-round.avif
  [REF]  resources\views\frontoffice\partners\fc-marokko.blade.php
  3WlontCvCGqZL5pQqbzsFz_t3.jpg → 3WlontCvCGqZL5pQqbzsFz_t3.avif
  475873194_1137954098118088_822180009608469424_n.jpg → 475873194_1137954098118088_822180009608469424_n.avif
  539389842_17990714768828776_5722745523080845426_n.jpg → 539389842_17990714768828776_5722745523080845426_n.avif
  630_0900_4148810_sp_240804cr_FB_FC_Frohlinde_blau_Marokk.jpg → 630_0900_4148810_sp_240804cr_FB_FC_Frohlinde_blau_Marokk.avif
  fc marokko gallery.webp → fc marokko gallery.avif
  gls-round.png → gls-round.avif
  [REF]  resources\views\frontoffice\pricing.blade.php
  Centre-GLS-de-langue-Allemande.jpg → Centre-GLS-de-langue-Allemande.avif
  ctagls.jpg → ctagls.avif
  [REF]  resources\views\frontoffice\resources\student-stories.blade.php
  student1.webp → student1.avif
  student2.webp → student2.avif
  student3.webp → student3.avif
  student4.webp → student4.avif
  student5.webp → student5.avif
  student6.webp → student6.avif
  [REF]  resources\views\frontoffice\sites\agadir.blade.php
  centre-agadir1.webp → centre-agadir1.avif
  centre-agadir2.webp → centre-agadir2.avif
  centre-agadir3.webp → centre-agadir3.avif
  [REF]  resources\views\frontoffice\sites\casablanca.blade.php
  IMG_4462.JPEG → IMG_4462.avif
  centre-sale1.webp → centre-sale1.avif
  centre-sale2.webp → centre-sale2.avif
  centre-sale3.webp → centre-sale3.avif
  [REF]  resources\views\frontoffice\sites\kenitra.blade.php
  kenitra.webp → kenitra.avif
  centre-sale1.webp → centre-sale1.avif
  centre-sale2.webp → centre-sale2.avif
  centre-sale3.webp → centre-sale3.avif
  [REF]  resources\views\frontoffice\sites\marrakech.blade.php
  centre-marrakech.webp → centre-marrakech.avif
  centre-marrakech1.webp → centre-marrakech1.avif
  centre-marrakech2.webp → centre-marrakech2.avif
  centre-marrakech3.webp → centre-marrakech3.avif
  [REF]  resources\views\frontoffice\sites\rabat.blade.php
  centre-rabat.webp → centre-rabat.avif
  centre-rabat1.webp → centre-rabat1.avif
  centre-rabat2.webp → centre-rabat2.avif
  centre-rabat3.webp → centre-rabat3.avif
  [REF]  resources\views\frontoffice\sites\sale.blade.php
  centre-sale.webp → centre-sale.avif
  centre-sale1.webp → centre-sale1.avif
  centre-sale2.webp → centre-sale2.avif
  centre-sale3.webp → centre-sale3.avif
  [REF]  resources\views\frontoffice\sites.blade.php
  reception.jpg → reception.avif
  hero.jpeg → hero.avif
  [REF]  resources\views\layouts\authFooter.blade.php
  gls.png → gls.avif
  [REF]  resources\views\layouts\authHeader.blade.php
  gls.png → gls.avif
  [REF]  resources\views\layouts\component-footer.blade.php
  gls.png → gls.avif
  [REF]  resources\views\layouts\component-header.blade.php
  gls.png → gls.avif
  [REF]  resources\views\layouts\layout-2.blade.php
  gls.png → gls.avif
  [REF]  resources\views\layouts\layout-cre.blade.php
  gls.png → gls.avif
  [REF]  resources\views\layouts\main.blade.php
  apple-touch-icon.png → apple-touch-icon.avif
  favicon-96x96.png → favicon-96x96.avif
  gls.png → gls.avif
  [REF]  resources\views\layouts\sidebar-compact.blade.php
  gls.png → gls.avif
  [REF]  resources\views\layouts\sidebar-detached.blade.php
  gls.png → gls.avif
  avatar-1.jpg → avatar-1.avif
  [REF]  resources\views\layouts\sidebar-moduler.blade.php
  gls.png → gls.avif
  avatar-1.jpg → avatar-1.avif
  [REF]  resources\views\layouts\sidebar-tab.blade.php
  gls.png → gls.avif
  [REF]  resources\views\layouts\sidebar.blade.php
  gls.png → gls.avif
  avatar-2.jpg → avatar-2.avif
  [REF]  resources\views\layouts\topbar-d.blade.php
  avatar-1.jpg → avatar-1.avif
  avatar-2.jpg → avatar-2.avif
  avatar-3.jpg → avatar-3.avif
  [REF]  resources\views\layouts\topbar-detached.blade.php
  gls.png → gls.avif
  [REF]  resources\views\layouts\topbar-extended.blade.php
  gls.png → gls.avif
  [REF]  resources\views\layouts\topbar.blade.php
  avatar-1.jpg → avatar-1.avif
  avatar-2.jpg → avatar-2.avif
  [REF]  resources\views\vendor\mail\html\header.blade.php
  gls.png → gls.avif
  [REF]  config\home.php
  casablanca.jpg → casablanca.avif
  rabat.jpg → rabat.avif
  sale.webp → sale.avif
  [REF]  config\seo.php
  IMG_4399.webp → IMG_4399.avif

▶ Validating AVIF references in source files…
  ✓ 149 valid references
  ✓ No broken references detected

▶ Backing up and deleting converted source files…

  [DEL]  9onsol.jpg
  [DEL]  about\Centre-GLS-de-langue-Allemande.jpg
  [DEL]  about\ctagls.jpg
  [DEL]  about\grid-1.png
  [DEL]  about\grid1.jpeg
  [DEL]  about\subscribe.jpeg
  [DEL]  apple-iphone-air-2025-medium.png
  [DEL]  blog\blog-test.jpeg
  [DEL]  contact\book.jpg
  [DEL]  contact\reception.jpg
  [DEL]  favicon\apple-touch-icon.png
  [DEL]  favicon\favicon-96x96.png
  [DEL]  favicon\web-app-manifest-192x192.png
  [DEL]  favicon\web-app-manifest-512x512.png
  [DEL]  fc-marokko\3WlontCvCGqZL5pQqbzsFz_t3.jpg
  [DEL]  fc-marokko\475873194_1137954098118088_822180009608469424_n.jpg
  [DEL]  fc-marokko\539389842_17990714768828776_5722745523080845426_n.jpg
  [DEL]  fc-marokko\630_0900_4148810_sp_240804cr_FB_FC_Frohlinde_blau_Marokk.jpg
  [DEL]  fc-marokko\fc marokko gallery.webp
  [DEL]  hero-2.png
  [DEL]  IMG_4381.jpg
  [DEL]  IMG_4399.webp
  [DEL]  IMG_4462.JPEG
  [DEL]  intensive-courses\hero-intensive.webp
  [DEL]  intensive-courses\hero.png
  [DEL]  login\img-auth-fporgot-password.png
  [DEL]  login\img-auth-login.png
  [DEL]  logo\gls-noir copy.png
  [DEL]  logo\gls-round.png
  [DEL]  logo\gls.png
  [DEL]  niveaux\a1-01.jpg
  [DEL]  niveaux\affiche.webp
  [DEL]  online-courses\hero.png
  [DEL]  online-courses\left-img.png
  [DEL]  online-courses\online.png
  [DEL]  online-courses\right-img.png
  [DEL]  oursites\hero.jpeg
  [DEL]  poster.png
  [DEL]  sites\agadir\centre-agadir.webp
  [DEL]  sites\agadir\centre-agadir1.webp
  [DEL]  sites\agadir\centre-agadir2.webp
  [DEL]  sites\agadir\centre-agadir3.webp
  [DEL]  sites\casablanca.jpg
  [DEL]  sites\kenitra\kenitra.webp
  [DEL]  sites\marrakech\centre-marrakech.webp
  [DEL]  sites\marrakech\centre-marrakech1.webp
  [DEL]  sites\marrakech\centre-marrakech2.webp
  [DEL]  sites\marrakech\centre-marrakech3.webp
  [DEL]  sites\rabat\centre-rabat.webp
  [DEL]  sites\rabat\centre-rabat1.webp
  [DEL]  sites\rabat\centre-rabat2.webp
  [DEL]  sites\rabat\centre-rabat3.webp
  [DEL]  sites\rabat.jpg
  [DEL]  sites\sale\centre-sale.webp
  [DEL]  sites\sale\centre-sale1.webp
  [DEL]  sites\sale\centre-sale2.webp
  [DEL]  sites\sale\centre-sale3.webp
  [DEL]  sites\sale.webp
  [DEL]  student-stories\student1.webp
  [DEL]  student-stories\student2.jpg
  [DEL]  student-stories\student3.webp
  [DEL]  student-stories\student4.webp
  [DEL]  student-stories\student5.webp
  [DEL]  student-stories\student6.webp
  [DEL]  studienkollegs\1.webp
  [DEL]  studienkollegs\12.webp
  [DEL]  user\avatar-1.jpg
  [DEL]  user\avatar-10.jpg
  [DEL]  user\avatar-2.jpg
  [DEL]  user\avatar-3.jpg
  [DEL]  user\avatar-4.jpg
  [DEL]  user\avatar-5.jpg
  [DEL]  user\avatar-6.jpg
  [DEL]  user\avatar-7.jpg
  [DEL]  user\avatar-8.jpg
  [DEL]  user\avatar-9.jpg
  [DEL]  user\avatar.webp

  Backup written to: scripts/.image-backup/
  Rollback manifest: scripts/.image-backup/rollback-manifest.json

═══════════════════════════════════════════════════════════════
  FINAL REPORT
═══════════════════════════════════════════════════════════════

┌────────────────────────────────────────────┬────────────┬────────────┬──────────┬──────────────────────────┐
│ File                                       │ Original   │ AVIF       │ Saving   │ Dimensions               │
├────────────────────────────────────────────┼────────────┼────────────┼──────────┼──────────────────────────┤
│ 9onsol.jpg                                 │ 17.0 KB    │ 10.3 KB    │ 39.7%    │ 160×160 → 160×160        │
│ about/Centre-GLS-de-langue-Allemande.jpg   │ 200.2 KB   │ 152.6 KB   │ 23.8%    │ 1600×864 → 1600×864      │
│ about/ctagls.jpg                           │ 144.2 KB   │ 112.0 KB   │ 22.3%    │ 1080×1080 → 1080×1080    │
│ about/grid-1.png                           │ 1267.7 KB  │ 50.6 KB    │ 96.0%    │ 1184×864 → 1184×864      │
│ about/grid1.jpeg                           │ 1146.4 KB  │ 162.2 KB   │ 85.9%    │ 4032×3024 → 1440×1080    │
│ about/subscribe.jpeg                       │ 1057.5 KB  │ 60.5 KB    │ 94.3%    │ 3024×4032 → 810×1080     │
│ apple-iphone-air-2025-medium.png           │ 47.3 KB    │ 6.8 KB     │ 85.7%    │ 363×750 → 363×750        │
│ blog/blog-test.jpeg                        │ 718.9 KB   │ 133.6 KB   │ 81.4%    │ 2576×3446 → 897×1200     │
│ contact/book.jpg                           │ 95.4 KB    │ 48.0 KB    │ 49.7%    │ 1031×580 → 1031×580      │
│ contact/reception.jpg                      │ 125.8 KB   │ 66.5 KB    │ 47.1%    │ 773×580 → 773×580        │
│ favicon/apple-touch-icon.png               │ 13.4 KB    │ 3.7 KB     │ 72.1%    │ 180×180 → 180×180        │
│ favicon/favicon-96x96.png                  │ 6.1 KB     │ 2.7 KB     │ 56.4%    │ 96×96 → 96×96            │
│ favicon/web-app-manifest-192x192.png       │ 14.5 KB    │ 5.1 KB     │ 65.0%    │ 192×192 → 192×192        │
│ favicon/web-app-manifest-512x512.png       │ 50.8 KB    │ 14.9 KB    │ 70.7%    │ 512×512 → 512×512        │
│ fc-marokko/3WlontCvCGqZL5pQqbzsFz_t3.jpg   │ 124.4 KB   │ 114.4 KB   │ 8.1%     │ 890×500 → 890×500        │
│ …1137954098118088_822180009608469424_n.jpg │ 404.4 KB   │ 347.0 KB   │ 14.2%    │ 1600×1200 → 1600×1200    │
│ …990714768828776_5722745523080845426_n.jpg │ 429.8 KB   │ 423.9 KB   │ 1.4%     │ 1440×1068 → 1440×1068    │
│ …_240804cr_FB_FC_Frohlinde_blau_Marokk.jpg │ 262.2 KB   │ 163.9 KB   │ 37.5%    │ 1920×1284 → 1600×1070    │
│ fc-marokko/fc marokko gallery.webp         │ 91.6 KB    │ 88.2 KB    │ 3.6%     │ 876×600 → 876×600        │
│ hero-2.png                                 │ 1516.4 KB  │ 112.9 KB   │ 92.6%    │ 1248×832 → 1248×832      │
│ IMG_4381.jpg                               │ 1884.5 KB  │ 295.8 KB   │ 84.3%    │ 3521×1848 → 1920×1008    │
│ IMG_4399.webp                              │ 332.7 KB   │ 208.1 KB   │ 37.5%    │ 5712×4284 → 1440×1080    │
│ IMG_4462.JPEG                              │ 3430.0 KB  │ 307.2 KB   │ 91.0%    │ 4032×3024 → 1440×1080    │
│ intensive-courses/hero-intensive.webp      │ 169.1 KB   │ 128.6 KB   │ 24.0%    │ 1440×1440 → 1080×1080    │
│ intensive-courses/hero.png                 │ 1330.1 KB  │ 65.4 KB    │ 95.1%    │ 1344×768 → 1344×768      │
│ login/img-auth-fporgot-password.png        │ 5.0 KB     │ 1.6 KB     │ 66.9%    │ 120×120 → 120×120        │
│ login/img-auth-login.png                   │ 5.5 KB     │ 2.9 KB     │ 47.8%    │ 120×120 → 120×120        │
│ logo/gls-noir copy.png                     │ 31.4 KB    │ 23.5 KB    │ 25.2%    │ 960×560 → 686×400        │
│ logo/gls-round.png                         │ 63.2 KB    │ 9.7 KB     │ 84.6%    │ 1920×1080 → 711×400      │
│ logo/gls.png                               │ 31.4 KB    │ 23.5 KB    │ 25.2%    │ 960×560 → 686×400        │
│ niveaux/a1-01.jpg                          │ 154.2 KB   │ 97.3 KB    │ 36.9%    │ 1521×1000 → 1521×1000    │
│ niveaux/affiche.webp                       │ 168.7 KB   │ 156.3 KB   │ 7.4%     │ 1020×1020 → 1020×1020    │
│ online-courses/hero.png                    │ 1141.5 KB  │ 37.3 KB    │ 96.7%    │ 1344×768 → 1344×768      │
│ online-courses/left-img.png                │ 1187.0 KB  │ 36.3 KB    │ 96.9%    │ 1088×960 → 1088×960      │
│ online-courses/online.png                  │ 1406.7 KB  │ 80.2 KB    │ 94.3%    │ 1184×864 → 1184×864      │
│ online-courses/right-img.png               │ 1213.1 KB  │ 48.3 KB    │ 96.0%    │ 1088×960 → 1088×960      │
│ oursites/hero.jpeg                         │ 1373.8 KB  │ 226.4 KB   │ 83.5%    │ 4032×3024 → 1440×1080    │
│ poster.png                                 │ 331.4 KB   │ 43.9 KB    │ 86.8%    │ 851×315 → 851×315        │
│ sites/agadir/centre-agadir.webp            │ 170.8 KB   │ 140.8 KB   │ 17.6%    │ 1360×1020 → 1360×1020    │
│ sites/agadir/centre-agadir1.webp           │ 172.7 KB   │ 124.7 KB   │ 27.8%    │ 1360×1020 → 1360×1020    │
│ sites/agadir/centre-agadir2.webp           │ 163.3 KB   │ 122.1 KB   │ 25.2%    │ 1360×1020 → 1360×1020    │
│ sites/agadir/centre-agadir3.webp           │ 73.2 KB    │ 53.0 KB    │ 27.6%    │ 765×1020 → 765×1020      │
│ sites/casablanca.jpg                       │ 39.1 KB    │ 29.7 KB    │ 24.0%    │ 500×400 → 500×400        │
│ sites/kenitra/kenitra.webp                 │ 121.6 KB   │ 88.1 KB    │ 27.5%    │ 1024×768 → 1024×768      │
│ sites/marrakech/centre-marrakech.webp      │ 141.4 KB   │ 134.0 KB   │ 5.2%     │ 1360×734 → 1360×734      │
│ sites/marrakech/centre-marrakech1.webp     │ 107.8 KB   │ 72.1 KB    │ 33.1%    │ 1360×1020 → 1360×1020    │
│ sites/marrakech/centre-marrakech2.webp     │ 89.2 KB    │ 63.0 KB    │ 29.3%    │ 1360×765 → 1360×765      │
│ sites/marrakech/centre-marrakech3.webp     │ 156.1 KB   │ 96.4 KB    │ 38.2%    │ 1360×1020 → 1360×1020    │
│ sites/rabat/centre-rabat.webp              │ 247.4 KB   │ 247.2 KB   │ 0.1%     │ 1360×1020 → 1360×1020    │
│ sites/rabat/centre-rabat1.webp             │ 212.2 KB   │ 179.0 KB   │ 15.6%    │ 1360×1020 → 1360×1020    │
│ sites/rabat/centre-rabat2.webp             │ 168.7 KB   │ 156.3 KB   │ 7.4%     │ 1020×1020 → 1020×1020    │
│ sites/rabat/centre-rabat3.webp             │ 89.7 KB    │ 78.8 KB    │ 12.1%    │ 765×1020 → 765×1020      │
│ sites/rabat.jpg                            │ 92.5 KB    │ 86.2 KB    │ 6.8%     │ 1024×790 → 1024×790      │
│ sites/sale/centre-sale.webp                │ 260.8 KB   │ 254.6 KB   │ 2.4%     │ 1360×1020 → 1360×1020    │
│ sites/sale/centre-sale1.webp               │ 174.5 KB   │ 145.0 KB   │ 16.9%    │ 1360×1020 → 1360×1020    │
│ sites/sale/centre-sale2.webp               │ 75.4 KB    │ 56.2 KB    │ 25.5%    │ 765×1020 → 765×1020      │
│ sites/sale/centre-sale3.webp               │ 118.6 KB   │ 104.8 KB   │ 11.6%    │ 765×1020 → 765×1020      │
│ sites/sale.webp                            │ 711.6 KB   │ 443.8 KB   │ 37.6%    │ 2560×1440 → 1920×1080    │
│ student-stories/student1.webp              │ 172.3 KB   │ 100.1 KB   │ 41.9%    │ 1440×1440 → 1200×1200    │
│ student-stories/student2.jpg               │ 219.3 KB   │ 110.4 KB   │ 49.7%    │ 1440×1440 → 1200×1200    │
│ student-stories/student3.webp              │ 403.9 KB   │ 79.5 KB    │ 80.3%    │ 2560×2560 → 1200×1200    │
│ student-stories/student4.webp              │ 99.7 KB    │ 59.4 KB    │ 40.5%    │ 1440×1440 → 1200×1200    │
│ student-stories/student5.webp              │ 226.1 KB   │ 134.5 KB   │ 40.5%    │ 1440×1440 → 1200×1200    │
│ student-stories/student6.webp              │ 99.9 KB    │ 70.1 KB    │ 29.8%    │ 1440×1440 → 1200×1200    │
│ studienkollegs/1.webp                      │ 67.6 KB    │ 46.4 KB    │ 31.4%    │ 987×1481 → 800×1200      │
│ studienkollegs/12.webp                     │ 373.1 KB   │ 338.7 KB   │ 9.2%     │ 2000×1125 → 1600×900     │
│ user/avatar-1.jpg                          │ 3.5 KB     │ 2.1 KB     │ 39.3%    │ 100×100 → 100×100        │
│ user/avatar-10.jpg                         │ 3.2 KB     │ 1.6 KB     │ 49.9%    │ 100×100 → 100×100        │
│ user/avatar-2.jpg                          │ 2.6 KB     │ 1.7 KB     │ 34.0%    │ 100×100 → 100×100        │
│ user/avatar-3.jpg                          │ 3.2 KB     │ 2.0 KB     │ 37.5%    │ 100×100 → 100×100        │
│ user/avatar-4.jpg                          │ 2.9 KB     │ 1.7 KB     │ 43.4%    │ 100×100 → 100×100        │
│ user/avatar-5.jpg                          │ 3.4 KB     │ 2.1 KB     │ 38.8%    │ 100×100 → 100×100        │
│ user/avatar-6.jpg                          │ 3.6 KB     │ 2.3 KB     │ 37.5%    │ 100×100 → 100×100        │
│ user/avatar-7.jpg                          │ 3.2 KB     │ 1.7 KB     │ 45.2%    │ 100×100 → 100×100        │
│ user/avatar-8.jpg                          │ 2.7 KB     │ 1.6 KB     │ 40.4%    │ 100×100 → 100×100        │
│ user/avatar-9.jpg                          │ 2.7 KB     │ 1.8 KB     │ 33.5%    │ 104×104 → 104×104        │
│ user/avatar.webp                           │ 1.3 KB     │ 0.7 KB     │ 42.1%    │ 300×300 → 256×256        │
│ about/grid1.webp                           │ 331.6 KB   │ 70.9 KB    │ 78.6%    │ 3024×4032 → 1440×1080    │
│ student-stories/student2.webp              │ 618.1 KB   │ 43.8 KB    │ 92.9%    │ 2560×2560 → 1200×1200    │
│ home/gizlogo-unternehmen-de-rgb-300.webp   │ 24.5 KB    │ 30.2 KB    │ kept     │ 1080×450 → 1080×450      │
│ home/TLScontact_main.webp                  │ 14.3 KB    │ 20.5 KB    │ kept     │ 1513×239 → 1513×239      │
│ logo/gls-blanc.webp                        │ 19.7 KB    │ 21.8 KB    │ kept     │ 960×560 → 960×560        │
│ sites/agadir/hero-agadir.webp              │ 275.2 KB   │ 285.3 KB   │ kept     │ 3521×1848 → 3521×1848    │
│ sites/kenitra.jpg                          │ 118.5 KB   │ 132.0 KB   │ kept     │ 950×640 → 950×640        │
│ sites/marrakech.webp                       │ 280.1 KB   │ 352.0 KB   │ kept     │ 1920×1080 → 1920×1080    │
│ studienkollegs/germany.webp                │ 0.1 KB     │ 0.5 KB     │ kept     │ 255×255 → 255×255        │
│ logo/LOGO-PNG-3 (1).avif                   │ 17.0 KB    │ 9.6 KB     │ 43.8%    │ 1920×1387 → 554×400      │
│ niveaux/hero-a1.avif                       │ 118.0 KB   │ 109.0 KB   │ 7.6%     │ 2880×2170 → 1433×1080    │
│ home/Centre-GLS-de-langue-Allemande.avif   │ 90.1 KB    │ 90.1 KB    │ optimal  │ 1600×864 → 1600×864      │
│ home/ECL_LOGO.avif                         │ 44.4 KB    │ 44.4 KB    │ optimal  │ 1080×1080 → 1080×1080    │
│ home/goethe.avif                           │ 78.6 KB    │ 78.6 KB    │ optimal  │ 1920×899 → 1920×899      │
│ home/marokkofc.avif                        │ 26.5 KB    │ 26.5 KB    │ optimal  │ 1080×1080 → 1080×1080    │
│ home/nos-cours.avif                        │ 41.6 KB    │ 41.6 KB    │ optimal  │ 2880×1350 → 2880×1350    │
│ home/osd.avif                              │ 9.3 KB     │ 9.3 KB     │ optimal  │ 1080×450 → 1080×450      │
│ home/ourcourses.avif                       │ 41.6 KB    │ 41.6 KB    │ optimal  │ 2880×1350 → 2880×1350    │
│ sites/agadir.avif                          │ 78.8 KB    │ 78.8 KB    │ optimal  │ 1440×1440 → 1440×1440    │
├────────────────────────────────────────────┴────────────┴────────────┴──────────┴──────────────────────────┤
│ TOTAL CONVERTED                            │ 28756.2 KB │ 8353.5 KB  │ 71.0%    │                           │
└────────────────────────────────────────────────────────────────────────────────────────────────────────────┘

── Summary ─────────────────────────────────────────────────────
  Images processed      : 96
  Newly converted       : 77
  Already optimal AVIF  : 10
  AVIF re-optimized     : 2
  Kept as original      : 7 (AVIF would be larger)
  Errors                : 0
  References updated    : 136 across 70 files
  Source files deleted  : 77
  Broken references     : 0
  Size before           : 28756.2 KB
  Size after            : 8353.5 KB
  Total reduction       : 71.0%

── Kept as original (AVIF not smaller) ─────────────────────────
  home\gizlogo-unternehmen-de-rgb-300.webp — 24.5 KB (AVIF would be 30.2 KB)
  home\TLScontact_main.webp — 14.3 KB (AVIF would be 20.5 KB)
  logo\gls-blanc.webp — 19.7 KB (AVIF would be 21.8 KB)
  sites\agadir\hero-agadir.webp — 275.2 KB (AVIF would be 285.3 KB)
  sites\kenitra.jpg — 118.5 KB (AVIF would be 132.0 KB)
  sites\marrakech.webp — 280.1 KB (AVIF would be 352.0 KB)
  studienkollegs\germany.webp — 0.1 KB (AVIF would be 0.5 KB)

── Remaining files under public/assets/images ──────────────────
  .avif        : 87 files
  .jpg         : 1 files
  .svg         : 2 files
  .webmanifest : 1 files
  .webp        : 8 files